#
# There is insufficient memory for the Java Runtime Environment to continue.
# Native memory allocation (malloc) failed to allocate 645760 bytes for Chunk::new
# Possible reasons:
#   The system is out of physical RAM or swap space
#   The process is running with CompressedOops enabled, and the Java Heap may be blocking the growth of the native heap
# Possible solutions:
#   Reduce memory load on the system
#   Increase physical memory or swap space
#   Check if swap backing store is full
#   Decrease Java heap size (-Xmx/-Xms)
#   Decrease number of Java threads
#   Decrease Java thread stack sizes (-Xss)
#   Set larger code cache with -XX:ReservedCodeCacheSize=
#   JVM is running with Unscaled Compressed Oops mode in which the Java heap is
#     placed in the first 4GB address space. The Java Heap base address is the
#     maximum limit for the native heap growth. Please use -XX:HeapBaseMinAddress
#     to set the Java Heap base and to place the Java Heap above 4GB virtual address.
# This output file may be truncated or incomplete.
#
#  Out of Memory Error (arena.cpp:189), pid=26568, tid=1652
#
# JRE version: OpenJDK Runtime Environment JBR-17.0.3+7-469.32-jcef (17.0.3+7) (build 17.0.3+7-b469.32)
# Java VM: OpenJDK 64-Bit Server VM JBR-17.0.3+7-469.32-jcef (17.0.3+7-b469.32, mixed mode, tiered, compressed oops, compressed class ptrs, g1 gc, windows-amd64)
# No core dump will be written. Minidumps are not enabled by default on client versions of Windows
#

---------------  S U M M A R Y ------------

Command Line: -Djava.rmi.server.hostname=127.0.0.1 -Duser.timezone=UTC -Xmx750m -Xms128m -XX:+IgnoreUnrecognizedVMOptions --add-opens=jdk.unsupported/sun.misc=ALL-UNNAMED --add-opens=java.base/java.nio=ALL-UNNAMED -Dfile.encoding=UTF-8 com.intellij.database.remote.RemoteJdbcServer com.mysql.cj.jdbc.Driver

Host: Intel(R) Core(TM) i5-1035G7 CPU @ 1.20GHz, 8 cores, 7G,  Windows 10 , 64 bit Build 19041 (10.0.19041.3155)
Time: Wed Nov 15 04:01:44 2023  Windows 10 , 64 bit Build 19041 (10.0.19041.3155) elapsed time: 0.992845 seconds (0d 0h 0m 0s)

---------------  T H R E A D  ---------------

Current thread (0x000001f3cd408960):  JavaThread "C2 CompilerThread0" daemon [_thread_in_native, id=1652, stack(0x00000082f8f00000,0x00000082f9000000)]


Current CompileTask:
C2:    992 1272       4       java.util.regex.Pattern$Branch::match (66 bytes)

Stack: [0x00000082f8f00000,0x00000082f9000000]
Native frames: (J=compiled Java code, j=interpreted, Vv=VM code, C=native code)
V  [jvm.dll+0x681f8a]
V  [jvm.dll+0x83e374]
V  [jvm.dll+0x83fb1e]
V  [jvm.dll+0x840183]
V  [jvm.dll+0x2492a5]
V  [jvm.dll+0xabd5c]
V  [jvm.dll+0xac32c]
V  [jvm.dll+0x3681d7]
V  [jvm.dll+0x3327b1]
V  [jvm.dll+0x331c5a]
V  [jvm.dll+0x21b951]
V  [jvm.dll+0x21ad71]
V  [jvm.dll+0x1a49dd]
V  [jvm.dll+0x22a7e8]
V  [jvm.dll+0x228891]
V  [jvm.dll+0x7f3d6c]
V  [jvm.dll+0x7ee2ea]
V  [jvm.dll+0x680dc5]
C  [ucrtbase.dll+0x21bb2]
C  [KERNEL32.DLL+0x17614]
C  [ntdll.dll+0x526b1]


---------------  P R O C E S S  ---------------

Threads class SMR info:
_java_thread_list=0x000001f3cd6dd410, length=21, elements={
0x000001f3b5966290, 0x000001f3cca33610, 0x000001f3cca341c0, 0x000001f3cca47be0,
0x000001f3cca48790, 0x000001f3cca4d260, 0x000001f3cd408070, 0x000001f3cd408960,
0x000001f3cd40c850, 0x000001f3cd40d240, 0x000001f3cd5c0140, 0x000001f3cd5c2a30,
0x000001f3cd664d80, 0x000001f3cd673720, 0x000001f3cd778930, 0x000001f3cd77a8d0,
0x000001f3cd77ada0, 0x000001f3cdc7b900, 0x000001f3cdcc41d0, 0x000001f3cdd1bfd0,
0x000001f3cdb89cf0
}

Java Threads: ( => current thread )
  0x000001f3b5966290 JavaThread "main" [_thread_blocked, id=11524, stack(0x00000082f8200000,0x00000082f8300000)]
  0x000001f3cca33610 JavaThread "Reference Handler" daemon [_thread_blocked, id=21724, stack(0x00000082f8900000,0x00000082f8a00000)]
  0x000001f3cca341c0 JavaThread "Finalizer" daemon [_thread_blocked, id=14396, stack(0x00000082f8a00000,0x00000082f8b00000)]
  0x000001f3cca47be0 JavaThread "Signal Dispatcher" daemon [_thread_blocked, id=26800, stack(0x00000082f8b00000,0x00000082f8c00000)]
  0x000001f3cca48790 JavaThread "Attach Listener" daemon [_thread_blocked, id=26908, stack(0x00000082f8c00000,0x00000082f8d00000)]
  0x000001f3cca4d260 JavaThread "Service Thread" daemon [_thread_blocked, id=2880, stack(0x00000082f8d00000,0x00000082f8e00000)]
  0x000001f3cd408070 JavaThread "Monitor Deflation Thread" daemon [_thread_blocked, id=1696, stack(0x00000082f8e00000,0x00000082f8f00000)]
=>0x000001f3cd408960 JavaThread "C2 CompilerThread0" daemon [_thread_in_native, id=1652, stack(0x00000082f8f00000,0x00000082f9000000)]
  0x000001f3cd40c850 JavaThread "C1 CompilerThread0" daemon [_thread_in_native, id=10476, stack(0x00000082f9000000,0x00000082f9100000)]
  0x000001f3cd40d240 JavaThread "Sweeper thread" daemon [_thread_blocked, id=26572, stack(0x00000082f9100000,0x00000082f9200000)]
  0x000001f3cd5c0140 JavaThread "Common-Cleaner" daemon [_thread_blocked, id=14888, stack(0x00000082f9200000,0x00000082f9300000)]
  0x000001f3cd5c2a30 JavaThread "Notification Thread" daemon [_thread_blocked, id=13884, stack(0x00000082f9300000,0x00000082f9400000)]
  0x000001f3cd664d80 JavaThread "C2 CompilerThread1" daemon [_thread_blocked, id=1248, stack(0x00000082f9500000,0x00000082f9600000)]
  0x000001f3cd673720 JavaThread "mysql-cj-abandoned-connection-cleanup" daemon [_thread_blocked, id=12404, stack(0x00000082f9600000,0x00000082f9700000)]
  0x000001f3cd778930 JavaThread "RMI TCP Accept-58012" daemon [_thread_in_native, id=15656, stack(0x00000082f9700000,0x00000082f9800000)]
  0x000001f3cd77a8d0 JavaThread "RMI TCP Accept-0" daemon [_thread_in_native, id=14764, stack(0x00000082f9800000,0x00000082f9900000)]
  0x000001f3cd77ada0 JavaThread "RMI Reaper" [_thread_blocked, id=21288, stack(0x00000082f9900000,0x00000082f9a00000)]
  0x000001f3cdc7b900 JavaThread "RMI GC Daemon" daemon [_thread_blocked, id=7256, stack(0x00000082f9a00000,0x00000082f9b00000)]
  0x000001f3cdcc41d0 JavaThread "RMI TCP Connection(1)-127.0.0.1" daemon [_thread_in_native, id=21220, stack(0x00000082f9b00000,0x00000082f9c00000)]
  0x000001f3cdd1bfd0 JavaThread "RMI Scheduler(0)" daemon [_thread_blocked, id=13172, stack(0x00000082f9c00000,0x00000082f9d00000)]
  0x000001f3cdb89cf0 JavaThread "RMI TCP Connection(2)-127.0.0.1" daemon [_thread_in_vm, id=10336, stack(0x00000082f9d00000,0x00000082f9e00000)]

Other Threads:
  0x000001f3cca10c70 VMThread "VM Thread" [stack: 0x00000082f8800000,0x00000082f8900000] [id=19352]
  0x000001f3cc99ae60 WatcherThread [stack: 0x00000082f9400000,0x00000082f9500000] [id=4408]
  0x000001f3b5998a40 GCTaskThread "GC Thread#0" [stack: 0x00000082f8300000,0x00000082f8400000] [id=27288]
  0x000001f3cec75f90 GCTaskThread "GC Thread#1" [stack: 0x00000082f9e00000,0x00000082f9f00000] [id=10948]
  0x000001f3cec76240 GCTaskThread "GC Thread#2" [stack: 0x00000082f9f00000,0x00000082fa000000] [id=24272]
  0x000001f3cddb27a0 GCTaskThread "GC Thread#3" [stack: 0x00000082fa000000,0x00000082fa100000] [id=17684]
  0x000001f3ceea3c70 GCTaskThread "GC Thread#4" [stack: 0x00000082fa100000,0x00000082fa200000] [id=15848]
  0x000001f3cdeca5d0 GCTaskThread "GC Thread#5" [stack: 0x00000082fa200000,0x00000082fa300000] [id=16224]
  0x000001f3ced0c6e0 GCTaskThread "GC Thread#6" [stack: 0x00000082fa300000,0x00000082fa400000] [id=26976]
  0x000001f3ced0c990 GCTaskThread "GC Thread#7" [stack: 0x00000082fa400000,0x00000082fa500000] [id=16612]
  0x000001f3b599f740 ConcurrentGCThread "G1 Main Marker" [stack: 0x00000082f8400000,0x00000082f8500000] [id=8800]
  0x000001f3b59a08f0 ConcurrentGCThread "G1 Conc#0" [stack: 0x00000082f8500000,0x00000082f8600000] [id=17376]
  0x000001f3b5a29940 ConcurrentGCThread "G1 Refine#0" [stack: 0x00000082f8600000,0x00000082f8700000] [id=14468]
  0x000001f3cddb3250 ConcurrentGCThread "G1 Refine#1" [stack: 0x00000082fa500000,0x00000082fa600000] [id=21116]
  0x000001f3b5a2a360 ConcurrentGCThread "G1 Service" [stack: 0x00000082f8700000,0x00000082f8800000] [id=14936]

Threads with active compile tasks:
C2 CompilerThread0     1032 1272       4       java.util.regex.Pattern$Branch::match (66 bytes)

VM state: not at safepoint (normal execution)

VM Mutex/Monitor currently owned by a thread: None

Heap address: 0x00000000d1200000, size: 750 MB, Compressed Oops mode: 32-bit

CDS archive(s) not mapped
Compressed class space mapped at: 0x0000000100000000-0x0000000140000000, reserved size: 1073741824
Narrow klass base: 0x0000000000000000, Narrow klass shift: 3, Narrow klass range: 0x140000000

GC Precious Log:
 CPUs: 8 total, 8 available
 Memory: 7926M
 Large Page Support: Disabled
 NUMA Support: Disabled
 Compressed Oops: Enabled (32-bit)
 Heap Region Size: 1M
 Heap Min Capacity: 128M
 Heap Initial Capacity: 128M
 Heap Max Capacity: 750M
 Pre-touch: Disabled
 Parallel Workers: 8
 Concurrent Workers: 2
 Concurrent Refinement Workers: 8
 Periodic GC: Disabled

Heap:
 garbage-first heap   total 131072K, used 5232K [0x00000000d1200000, 0x0000000100000000)
  region size 1024K, 4 young (4096K), 3 survivors (3072K)
 Metaspace       used 19727K, committed 19968K, reserved 1073152K
  class space    used 2118K, committed 2240K, reserved 1048576K

Heap Regions: E=young(eden), S=young(survivor), O=old, HS=humongous(starts), HC=humongous(continues), CS=collection set, F=free, OA=open archive, CA=closed archive, TAMS=top-at-mark-start (previous, next)
|   0|0x00000000d1200000, 0x00000000d1300000, 0x00000000d1300000|100%| O|  |TAMS 0x00000000d1200000, 0x00000000d1200000| Untracked 
|   1|0x00000000d1300000, 0x00000000d1400000, 0x00000000d1400000|100%| O|  |TAMS 0x00000000d1300000, 0x00000000d1300000| Untracked 
|   2|0x00000000d1400000, 0x00000000d141c000, 0x00000000d1500000| 10%| O|  |TAMS 0x00000000d1400000, 0x00000000d1400000| Untracked 
|   3|0x00000000d1500000, 0x00000000d1500000, 0x00000000d1600000|  0%| F|  |TAMS 0x00000000d1500000, 0x00000000d1500000| Untracked 
|   4|0x00000000d1600000, 0x00000000d1600000, 0x00000000d1700000|  0%| F|  |TAMS 0x00000000d1600000, 0x00000000d1600000| Untracked 
|   5|0x00000000d1700000, 0x00000000d1700000, 0x00000000d1800000|  0%| F|  |TAMS 0x00000000d1700000, 0x00000000d1700000| Untracked 
|   6|0x00000000d1800000, 0x00000000d1800000, 0x00000000d1900000|  0%| F|  |TAMS 0x00000000d1800000, 0x00000000d1800000| Untracked 
|   7|0x00000000d1900000, 0x00000000d1900000, 0x00000000d1a00000|  0%| F|  |TAMS 0x00000000d1900000, 0x00000000d1900000| Untracked 
|   8|0x00000000d1a00000, 0x00000000d1a00000, 0x00000000d1b00000|  0%| F|  |TAMS 0x00000000d1a00000, 0x00000000d1a00000| Untracked 
|   9|0x00000000d1b00000, 0x00000000d1b00000, 0x00000000d1c00000|  0%| F|  |TAMS 0x00000000d1b00000, 0x00000000d1b00000| Untracked 
|  10|0x00000000d1c00000, 0x00000000d1c00000, 0x00000000d1d00000|  0%| F|  |TAMS 0x00000000d1c00000, 0x00000000d1c00000| Untracked 
|  11|0x00000000d1d00000, 0x00000000d1d00000, 0x00000000d1e00000|  0%| F|  |TAMS 0x00000000d1d00000, 0x00000000d1d00000| Untracked 
|  12|0x00000000d1e00000, 0x00000000d1e00000, 0x00000000d1f00000|  0%| F|  |TAMS 0x00000000d1e00000, 0x00000000d1e00000| Untracked 
|  13|0x00000000d1f00000, 0x00000000d1f00000, 0x00000000d2000000|  0%| F|  |TAMS 0x00000000d1f00000, 0x00000000d1f00000| Untracked 
|  14|0x00000000d2000000, 0x00000000d2000000, 0x00000000d2100000|  0%| F|  |TAMS 0x00000000d2000000, 0x00000000d2000000| Untracked 
|  15|0x00000000d2100000, 0x00000000d2100000, 0x00000000d2200000|  0%| F|  |TAMS 0x00000000d2100000, 0x00000000d2100000| Untracked 
|  16|0x00000000d2200000, 0x00000000d2200000, 0x00000000d2300000|  0%| F|  |TAMS 0x00000000d2200000, 0x00000000d2200000| Untracked 
|  17|0x00000000d2300000, 0x00000000d2300000, 0x00000000d2400000|  0%| F|  |TAMS 0x00000000d2300000, 0x00000000d2300000| Untracked 
|  18|0x00000000d2400000, 0x00000000d2400000, 0x00000000d2500000|  0%| F|  |TAMS 0x00000000d2400000, 0x00000000d2400000| Untracked 
|  19|0x00000000d2500000, 0x00000000d2500000, 0x00000000d2600000|  0%| F|  |TAMS 0x00000000d2500000, 0x00000000d2500000| Untracked 
|  20|0x00000000d2600000, 0x00000000d2600000, 0x00000000d2700000|  0%| F|  |TAMS 0x00000000d2600000, 0x00000000d2600000| Untracked 
|  21|0x00000000d2700000, 0x00000000d2700000, 0x00000000d2800000|  0%| F|  |TAMS 0x00000000d2700000, 0x00000000d2700000| Untracked 
|  22|0x00000000d2800000, 0x00000000d2800000, 0x00000000d2900000|  0%| F|  |TAMS 0x00000000d2800000, 0x00000000d2800000| Untracked 
|  23|0x00000000d2900000, 0x00000000d2900000, 0x00000000d2a00000|  0%| F|  |TAMS 0x00000000d2900000, 0x00000000d2900000| Untracked 
|  24|0x00000000d2a00000, 0x00000000d2a00000, 0x00000000d2b00000|  0%| F|  |TAMS 0x00000000d2a00000, 0x00000000d2a00000| Untracked 
|  25|0x00000000d2b00000, 0x00000000d2b00000, 0x00000000d2c00000|  0%| F|  |TAMS 0x00000000d2b00000, 0x00000000d2b00000| Untracked 
|  26|0x00000000d2c00000, 0x00000000d2c00000, 0x00000000d2d00000|  0%| F|  |TAMS 0x00000000d2c00000, 0x00000000d2c00000| Untracked 
|  27|0x00000000d2d00000, 0x00000000d2d00000, 0x00000000d2e00000|  0%| F|  |TAMS 0x00000000d2d00000, 0x00000000d2d00000| Untracked 
|  28|0x00000000d2e00000, 0x00000000d2e00000, 0x00000000d2f00000|  0%| F|  |TAMS 0x00000000d2e00000, 0x00000000d2e00000| Untracked 
|  29|0x00000000d2f00000, 0x00000000d2f00000, 0x00000000d3000000|  0%| F|  |TAMS 0x00000000d2f00000, 0x00000000d2f00000| Untracked 
|  30|0x00000000d3000000, 0x00000000d3000000, 0x00000000d3100000|  0%| F|  |TAMS 0x00000000d3000000, 0x00000000d3000000| Untracked 
|  31|0x00000000d3100000, 0x00000000d3100000, 0x00000000d3200000|  0%| F|  |TAMS 0x00000000d3100000, 0x00000000d3100000| Untracked 
|  32|0x00000000d3200000, 0x00000000d3200000, 0x00000000d3300000|  0%| F|  |TAMS 0x00000000d3200000, 0x00000000d3200000| Untracked 
|  33|0x00000000d3300000, 0x00000000d3300000, 0x00000000d3400000|  0%| F|  |TAMS 0x00000000d3300000, 0x00000000d3300000| Untracked 
|  34|0x00000000d3400000, 0x00000000d3400000, 0x00000000d3500000|  0%| F|  |TAMS 0x00000000d3400000, 0x00000000d3400000| Untracked 
|  35|0x00000000d3500000, 0x00000000d3500000, 0x00000000d3600000|  0%| F|  |TAMS 0x00000000d3500000, 0x00000000d3500000| Untracked 
|  36|0x00000000d3600000, 0x00000000d3600000, 0x00000000d3700000|  0%| F|  |TAMS 0x00000000d3600000, 0x00000000d3600000| Untracked 
|  37|0x00000000d3700000, 0x00000000d3700000, 0x00000000d3800000|  0%| F|  |TAMS 0x00000000d3700000, 0x00000000d3700000| Untracked 
|  38|0x00000000d3800000, 0x00000000d3800000, 0x00000000d3900000|  0%| F|  |TAMS 0x00000000d3800000, 0x00000000d3800000| Untracked 
|  39|0x00000000d3900000, 0x00000000d3900000, 0x00000000d3a00000|  0%| F|  |TAMS 0x00000000d3900000, 0x00000000d3900000| Untracked 
|  40|0x00000000d3a00000, 0x00000000d3a00000, 0x00000000d3b00000|  0%| F|  |TAMS 0x00000000d3a00000, 0x00000000d3a00000| Untracked 
|  41|0x00000000d3b00000, 0x00000000d3b00000, 0x00000000d3c00000|  0%| F|  |TAMS 0x00000000d3b00000, 0x00000000d3b00000| Untracked 
|  42|0x00000000d3c00000, 0x00000000d3c00000, 0x00000000d3d00000|  0%| F|  |TAMS 0x00000000d3c00000, 0x00000000d3c00000| Untracked 
|  43|0x00000000d3d00000, 0x00000000d3d00000, 0x00000000d3e00000|  0%| F|  |TAMS 0x00000000d3d00000, 0x00000000d3d00000| Untracked 
|  44|0x00000000d3e00000, 0x00000000d3e00000, 0x00000000d3f00000|  0%| F|  |TAMS 0x00000000d3e00000, 0x00000000d3e00000| Untracked 
|  45|0x00000000d3f00000, 0x00000000d3f00000, 0x00000000d4000000|  0%| F|  |TAMS 0x00000000d3f00000, 0x00000000d3f00000| Untracked 
|  46|0x00000000d4000000, 0x00000000d4000000, 0x00000000d4100000|  0%| F|  |TAMS 0x00000000d4000000, 0x00000000d4000000| Untracked 
|  47|0x00000000d4100000, 0x00000000d4100000, 0x00000000d4200000|  0%| F|  |TAMS 0x00000000d4100000, 0x00000000d4100000| Untracked 
|  48|0x00000000d4200000, 0x00000000d4200000, 0x00000000d4300000|  0%| F|  |TAMS 0x00000000d4200000, 0x00000000d4200000| Untracked 
|  49|0x00000000d4300000, 0x00000000d4300000, 0x00000000d4400000|  0%| F|  |TAMS 0x00000000d4300000, 0x00000000d4300000| Untracked 
|  50|0x00000000d4400000, 0x00000000d4400000, 0x00000000d4500000|  0%| F|  |TAMS 0x00000000d4400000, 0x00000000d4400000| Untracked 
|  51|0x00000000d4500000, 0x00000000d4500000, 0x00000000d4600000|  0%| F|  |TAMS 0x00000000d4500000, 0x00000000d4500000| Untracked 
|  52|0x00000000d4600000, 0x00000000d4600000, 0x00000000d4700000|  0%| F|  |TAMS 0x00000000d4600000, 0x00000000d4600000| Untracked 
|  53|0x00000000d4700000, 0x00000000d4700000, 0x00000000d4800000|  0%| F|  |TAMS 0x00000000d4700000, 0x00000000d4700000| Untracked 
|  54|0x00000000d4800000, 0x00000000d4800000, 0x00000000d4900000|  0%| F|  |TAMS 0x00000000d4800000, 0x00000000d4800000| Untracked 
|  55|0x00000000d4900000, 0x00000000d4900000, 0x00000000d4a00000|  0%| F|  |TAMS 0x00000000d4900000, 0x00000000d4900000| Untracked 
|  56|0x00000000d4a00000, 0x00000000d4a00000, 0x00000000d4b00000|  0%| F|  |TAMS 0x00000000d4a00000, 0x00000000d4a00000| Untracked 
|  57|0x00000000d4b00000, 0x00000000d4b00000, 0x00000000d4c00000|  0%| F|  |TAMS 0x00000000d4b00000, 0x00000000d4b00000| Untracked 
|  58|0x00000000d4c00000, 0x00000000d4c00000, 0x00000000d4d00000|  0%| F|  |TAMS 0x00000000d4c00000, 0x00000000d4c00000| Untracked 
|  59|0x00000000d4d00000, 0x00000000d4d00000, 0x00000000d4e00000|  0%| F|  |TAMS 0x00000000d4d00000, 0x00000000d4d00000| Untracked 
|  60|0x00000000d4e00000, 0x00000000d4e00000, 0x00000000d4f00000|  0%| F|  |TAMS 0x00000000d4e00000, 0x00000000d4e00000| Untracked 
|  61|0x00000000d4f00000, 0x00000000d4f00000, 0x00000000d5000000|  0%| F|  |TAMS 0x00000000d4f00000, 0x00000000d4f00000| Untracked 
|  62|0x00000000d5000000, 0x00000000d5000000, 0x00000000d5100000|  0%| F|  |TAMS 0x00000000d5000000, 0x00000000d5000000| Untracked 
|  63|0x00000000d5100000, 0x00000000d5100000, 0x00000000d5200000|  0%| F|  |TAMS 0x00000000d5100000, 0x00000000d5100000| Untracked 
|  64|0x00000000d5200000, 0x00000000d5200000, 0x00000000d5300000|  0%| F|  |TAMS 0x00000000d5200000, 0x00000000d5200000| Untracked 
|  65|0x00000000d5300000, 0x00000000d5300000, 0x00000000d5400000|  0%| F|  |TAMS 0x00000000d5300000, 0x00000000d5300000| Untracked 
|  66|0x00000000d5400000, 0x00000000d5400000, 0x00000000d5500000|  0%| F|  |TAMS 0x00000000d5400000, 0x00000000d5400000| Untracked 
|  67|0x00000000d5500000, 0x00000000d5500000, 0x00000000d5600000|  0%| F|  |TAMS 0x00000000d5500000, 0x00000000d5500000| Untracked 
|  68|0x00000000d5600000, 0x00000000d5600000, 0x00000000d5700000|  0%| F|  |TAMS 0x00000000d5600000, 0x00000000d5600000| Untracked 
|  69|0x00000000d5700000, 0x00000000d5700000, 0x00000000d5800000|  0%| F|  |TAMS 0x00000000d5700000, 0x00000000d5700000| Untracked 
|  70|0x00000000d5800000, 0x00000000d5800000, 0x00000000d5900000|  0%| F|  |TAMS 0x00000000d5800000, 0x00000000d5800000| Untracked 
|  71|0x00000000d5900000, 0x00000000d5900000, 0x00000000d5a00000|  0%| F|  |TAMS 0x00000000d5900000, 0x00000000d5900000| Untracked 
|  72|0x00000000d5a00000, 0x00000000d5a00000, 0x00000000d5b00000|  0%| F|  |TAMS 0x00000000d5a00000, 0x00000000d5a00000| Untracked 
|  73|0x00000000d5b00000, 0x00000000d5b00000, 0x00000000d5c00000|  0%| F|  |TAMS 0x00000000d5b00000, 0x00000000d5b00000| Untracked 
|  74|0x00000000d5c00000, 0x00000000d5c00000, 0x00000000d5d00000|  0%| F|  |TAMS 0x00000000d5c00000, 0x00000000d5c00000| Untracked 
|  75|0x00000000d5d00000, 0x00000000d5d00000, 0x00000000d5e00000|  0%| F|  |TAMS 0x00000000d5d00000, 0x00000000d5d00000| Untracked 
|  76|0x00000000d5e00000, 0x00000000d5e00000, 0x00000000d5f00000|  0%| F|  |TAMS 0x00000000d5e00000, 0x00000000d5e00000| Untracked 
|  77|0x00000000d5f00000, 0x00000000d5f00000, 0x00000000d6000000|  0%| F|  |TAMS 0x00000000d5f00000, 0x00000000d5f00000| Untracked 
|  78|0x00000000d6000000, 0x00000000d6000000, 0x00000000d6100000|  0%| F|  |TAMS 0x00000000d6000000, 0x00000000d6000000| Untracked 
|  79|0x00000000d6100000, 0x00000000d6100000, 0x00000000d6200000|  0%| F|  |TAMS 0x00000000d6100000, 0x00000000d6100000| Untracked 
|  80|0x00000000d6200000, 0x00000000d6200000, 0x00000000d6300000|  0%| F|  |TAMS 0x00000000d6200000, 0x00000000d6200000| Untracked 
|  81|0x00000000d6300000, 0x00000000d6300000, 0x00000000d6400000|  0%| F|  |TAMS 0x00000000d6300000, 0x00000000d6300000| Untracked 
|  82|0x00000000d6400000, 0x00000000d6400000, 0x00000000d6500000|  0%| F|  |TAMS 0x00000000d6400000, 0x00000000d6400000| Untracked 
|  83|0x00000000d6500000, 0x00000000d6500000, 0x00000000d6600000|  0%| F|  |TAMS 0x00000000d6500000, 0x00000000d6500000| Untracked 
|  84|0x00000000d6600000, 0x00000000d6600000, 0x00000000d6700000|  0%| F|  |TAMS 0x00000000d6600000, 0x00000000d6600000| Untracked 
|  85|0x00000000d6700000, 0x00000000d6700000, 0x00000000d6800000|  0%| F|  |TAMS 0x00000000d6700000, 0x00000000d6700000| Untracked 
|  86|0x00000000d6800000, 0x00000000d6800000, 0x00000000d6900000|  0%| F|  |TAMS 0x00000000d6800000, 0x00000000d6800000| Untracked 
|  87|0x00000000d6900000, 0x00000000d6900000, 0x00000000d6a00000|  0%| F|  |TAMS 0x00000000d6900000, 0x00000000d6900000| Untracked 
|  88|0x00000000d6a00000, 0x00000000d6a00000, 0x00000000d6b00000|  0%| F|  |TAMS 0x00000000d6a00000, 0x00000000d6a00000| Untracked 
|  89|0x00000000d6b00000, 0x00000000d6b00000, 0x00000000d6c00000|  0%| F|  |TAMS 0x00000000d6b00000, 0x00000000d6b00000| Untracked 
|  90|0x00000000d6c00000, 0x00000000d6c00000, 0x00000000d6d00000|  0%| F|  |TAMS 0x00000000d6c00000, 0x00000000d6c00000| Untracked 
|  91|0x00000000d6d00000, 0x00000000d6d00000, 0x00000000d6e00000|  0%| F|  |TAMS 0x00000000d6d00000, 0x00000000d6d00000| Untracked 
|  92|0x00000000d6e00000, 0x00000000d6e00000, 0x00000000d6f00000|  0%| F|  |TAMS 0x00000000d6e00000, 0x00000000d6e00000| Untracked 
|  93|0x00000000d6f00000, 0x00000000d6f00000, 0x00000000d7000000|  0%| F|  |TAMS 0x00000000d6f00000, 0x00000000d6f00000| Untracked 
|  94|0x00000000d7000000, 0x00000000d7000000, 0x00000000d7100000|  0%| F|  |TAMS 0x00000000d7000000, 0x00000000d7000000| Untracked 
|  95|0x00000000d7100000, 0x00000000d7100000, 0x00000000d7200000|  0%| F|  |TAMS 0x00000000d7100000, 0x00000000d7100000| Untracked 
|  96|0x00000000d7200000, 0x00000000d7200000, 0x00000000d7300000|  0%| F|  |TAMS 0x00000000d7200000, 0x00000000d7200000| Untracked 
|  97|0x00000000d7300000, 0x00000000d7300000, 0x00000000d7400000|  0%| F|  |TAMS 0x00000000d7300000, 0x00000000d7300000| Untracked 
|  98|0x00000000d7400000, 0x00000000d7400000, 0x00000000d7500000|  0%| F|  |TAMS 0x00000000d7400000, 0x00000000d7400000| Untracked 
|  99|0x00000000d7500000, 0x00000000d7500000, 0x00000000d7600000|  0%| F|  |TAMS 0x00000000d7500000, 0x00000000d7500000| Untracked 
| 100|0x00000000d7600000, 0x00000000d7600000, 0x00000000d7700000|  0%| F|  |TAMS 0x00000000d7600000, 0x00000000d7600000| Untracked 
| 101|0x00000000d7700000, 0x00000000d7700000, 0x00000000d7800000|  0%| F|  |TAMS 0x00000000d7700000, 0x00000000d7700000| Untracked 
| 102|0x00000000d7800000, 0x00000000d7900000, 0x00000000d7900000|100%| S|CS|TAMS 0x00000000d7800000, 0x00000000d7800000| Complete 
| 103|0x00000000d7900000, 0x00000000d7a00000, 0x00000000d7a00000|100%| S|CS|TAMS 0x00000000d7900000, 0x00000000d7900000| Complete 
| 104|0x00000000d7a00000, 0x00000000d7b00000, 0x00000000d7b00000|100%| S|CS|TAMS 0x00000000d7a00000, 0x00000000d7a00000| Complete 
| 105|0x00000000d7b00000, 0x00000000d7b00000, 0x00000000d7c00000|  0%| F|  |TAMS 0x00000000d7b00000, 0x00000000d7b00000| Untracked 
| 106|0x00000000d7c00000, 0x00000000d7c00000, 0x00000000d7d00000|  0%| F|  |TAMS 0x00000000d7c00000, 0x00000000d7c00000| Untracked 
| 107|0x00000000d7d00000, 0x00000000d7d00000, 0x00000000d7e00000|  0%| F|  |TAMS 0x00000000d7d00000, 0x00000000d7d00000| Untracked 
| 108|0x00000000d7e00000, 0x00000000d7e00000, 0x00000000d7f00000|  0%| F|  |TAMS 0x00000000d7e00000, 0x00000000d7e00000| Untracked 
| 109|0x00000000d7f00000, 0x00000000d7f00000, 0x00000000d8000000|  0%| F|  |TAMS 0x00000000d7f00000, 0x00000000d7f00000| Untracked 
| 110|0x00000000d8000000, 0x00000000d8000000, 0x00000000d8100000|  0%| F|  |TAMS 0x00000000d8000000, 0x00000000d8000000| Untracked 
| 111|0x00000000d8100000, 0x00000000d8100000, 0x00000000d8200000|  0%| F|  |TAMS 0x00000000d8100000, 0x00000000d8100000| Untracked 
| 112|0x00000000d8200000, 0x00000000d8200000, 0x00000000d8300000|  0%| F|  |TAMS 0x00000000d8200000, 0x00000000d8200000| Untracked 
| 113|0x00000000d8300000, 0x00000000d8300000, 0x00000000d8400000|  0%| F|  |TAMS 0x00000000d8300000, 0x00000000d8300000| Untracked 
| 114|0x00000000d8400000, 0x00000000d8400000, 0x00000000d8500000|  0%| F|  |TAMS 0x00000000d8400000, 0x00000000d8400000| Untracked 
| 115|0x00000000d8500000, 0x00000000d8500000, 0x00000000d8600000|  0%| F|  |TAMS 0x00000000d8500000, 0x00000000d8500000| Untracked 
| 116|0x00000000d8600000, 0x00000000d8600000, 0x00000000d8700000|  0%| F|  |TAMS 0x00000000d8600000, 0x00000000d8600000| Untracked 
| 117|0x00000000d8700000, 0x00000000d8700000, 0x00000000d8800000|  0%| F|  |TAMS 0x00000000d8700000, 0x00000000d8700000| Untracked 
| 118|0x00000000d8800000, 0x00000000d8800000, 0x00000000d8900000|  0%| F|  |TAMS 0x00000000d8800000, 0x00000000d8800000| Untracked 
| 119|0x00000000d8900000, 0x00000000d8900000, 0x00000000d8a00000|  0%| F|  |TAMS 0x00000000d8900000, 0x00000000d8900000| Untracked 
| 120|0x00000000d8a00000, 0x00000000d8a00000, 0x00000000d8b00000|  0%| F|  |TAMS 0x00000000d8a00000, 0x00000000d8a00000| Untracked 
| 121|0x00000000d8b00000, 0x00000000d8b00000, 0x00000000d8c00000|  0%| F|  |TAMS 0x00000000d8b00000, 0x00000000d8b00000| Untracked 
| 122|0x00000000d8c00000, 0x00000000d8c00000, 0x00000000d8d00000|  0%| F|  |TAMS 0x00000000d8c00000, 0x00000000d8c00000| Untracked 
| 123|0x00000000d8d00000, 0x00000000d8d00000, 0x00000000d8e00000|  0%| F|  |TAMS 0x00000000d8d00000, 0x00000000d8d00000| Untracked 
| 124|0x00000000d8e00000, 0x00000000d8e00000, 0x00000000d8f00000|  0%| F|  |TAMS 0x00000000d8e00000, 0x00000000d8e00000| Untracked 
| 125|0x00000000d8f00000, 0x00000000d8f00000, 0x00000000d9000000|  0%| F|  |TAMS 0x00000000d8f00000, 0x00000000d8f00000| Untracked 
| 126|0x00000000d9000000, 0x00000000d9000000, 0x00000000d9100000|  0%| F|  |TAMS 0x00000000d9000000, 0x00000000d9000000| Untracked 
| 127|0x00000000d9100000, 0x00000000d9200000, 0x00000000d9200000|100%| E|  |TAMS 0x00000000d9100000, 0x00000000d9100000| Complete 

Card table byte_map: [0x000001f3c8570000,0x000001f3c86f0000] _byte_map_base: 0x000001f3c7ee7000

Marking Bits (Prev, Next): (CMBitMap*) 0x000001f3b5999050, (CMBitMap*) 0x000001f3b5999090
 Prev Bits: [0x000001f3c8870000, 0x000001f3c9428000)
 Next Bits: [0x000001f3c9430000, 0x000001f3c9fe8000)

Polling page: 0x000001f3b3760000

Metaspace:

Usage:
  Non-class:     17.24 MB used.
      Class:      2.08 MB used.
       Both:     19.31 MB used.

Virtual space:
  Non-class space:       24.00 MB reserved,      17.38 MB ( 72%) committed,  3 nodes.
      Class space:        1.00 GB reserved,       2.19 MB ( <1%) committed,  1 nodes.
             Both:        1.02 GB reserved,      19.56 MB (  2%) committed. 

Chunk freelists:
   Non-Class:  2.34 MB
       Class:  1.73 MB
        Both:  4.08 MB

MaxMetaspaceSize: unlimited
CompressedClassSpaceSize: 1.00 GB
Initial GC threshold: 21.00 MB
Current GC threshold: 21.00 MB
CDS: off
MetaspaceReclaimPolicy: balanced
 - commit_granule_bytes: 65536.
 - commit_granule_words: 8192.
 - virtual_space_node_default_size: 1048576.
 - enlarge_chunks_in_place: 1.
 - new_chunks_are_fully_committed: 0.
 - uncommit_free_chunks: 1.
 - use_allocation_guard: 0.
 - handle_deallocations: 1.


Internal statistics:

num_allocs_failed_limit: 0.
num_arena_births: 194.
num_arena_deaths: 0.
num_vsnodes_births: 4.
num_vsnodes_deaths: 0.
num_space_committed: 313.
num_space_uncommitted: 0.
num_chunks_returned_to_freelist: 0.
num_chunks_taken_from_freelist: 419.
num_chunk_merges: 0.
num_chunk_splits: 253.
num_chunks_enlarged: 144.
num_purges: 0.
num_inconsistent_stats: 0.

CodeHeap 'non-profiled nmethods': size=120000Kb used=502Kb max_used=502Kb free=119497Kb
 bounds [0x000001f3c0b90000, 0x000001f3c0e00000, 0x000001f3c80c0000]
CodeHeap 'profiled nmethods': size=120000Kb used=2489Kb max_used=2489Kb free=117510Kb
 bounds [0x000001f3b9660000, 0x000001f3b98d0000, 0x000001f3c0b90000]
CodeHeap 'non-nmethods': size=5760Kb used=1232Kb max_used=1250Kb free=4527Kb
 bounds [0x000001f3b90c0000, 0x000001f3b9330000, 0x000001f3b9660000]
 total_blobs=1959 nmethods=1433 adapters=439
 compilation: enabled
              stopped_count=0, restarted_count=0
 full_count=0

Compilation events (20 events):
Event: 0.985 Thread 0x000001f3cd40c850 1367       3       sun.security.provider.SHA5::lf_maj (14 bytes)
Event: 0.985 Thread 0x000001f3cd40c850 nmethod 1367 0x000001f3b98aaa90 code [0x000001f3b98aac20, 0x000001f3b98aad18]
Event: 0.985 Thread 0x000001f3cd40c850 1363   !   3       jdk.internal.reflect.NativeConstructorAccessorImpl::newInstance (122 bytes)
Event: 0.986 Thread 0x000001f3cd40c850 nmethod 1363 0x000001f3b98aad90 code [0x000001f3b98aafe0, 0x000001f3b98abb68]
Event: 0.986 Thread 0x000001f3cd40c850 1369       3       java.lang.invoke.VarHandleByteArrayAsLongs$ArrayHandle::index (13 bytes)
Event: 0.986 Thread 0x000001f3cd40c850 nmethod 1369 0x000001f3b98ac090 code [0x000001f3b98ac240, 0x000001f3b98ac448]
Event: 0.986 Thread 0x000001f3cd40c850 1371       3       java.lang.Long::reverseBytes (46 bytes)
Event: 0.986 Thread 0x000001f3cd40c850 nmethod 1371 0x000001f3b98ac590 code [0x000001f3b98ac720, 0x000001f3b98ac878]
Event: 0.986 Thread 0x000001f3cd40c850 1370       3       java.lang.invoke.VarHandleGuards::guard_LI_J (78 bytes)
Event: 0.988 Thread 0x000001f3cd40c850 nmethod 1370 0x000001f3b98ac910 code [0x000001f3b98acc60, 0x000001f3b98ae9e8]
Event: 0.988 Thread 0x000001f3cd40c850 1377       3       jdk.internal.misc.Unsafe::convEndian (16 bytes)
Event: 0.988 Thread 0x000001f3cd40c850 nmethod 1377 0x000001f3b98af290 code [0x000001f3b98af440, 0x000001f3b98af5a8]
Event: 0.988 Thread 0x000001f3cd40c850 1375       3       java.lang.invoke.VarHandleByteArrayAsLongs$ArrayHandle::get (36 bytes)
Event: 0.988 Thread 0x000001f3cd40c850 nmethod 1375 0x000001f3b98af690 code [0x000001f3b98af880, 0x000001f3b98afd98]
Event: 0.988 Thread 0x000001f3cd40c850 1376       3       java.nio.Buffer::remaining (20 bytes)
Event: 0.988 Thread 0x000001f3cd40c850 nmethod 1376 0x000001f3b98aff90 code [0x000001f3b98b0120, 0x000001f3b98b02b8]
Event: 0.989 Thread 0x000001f3cd40c850 1379       3       java.lang.ThreadLocal::get (38 bytes)
Event: 0.990 Thread 0x000001f3cd40c850 nmethod 1379 0x000001f3b98b0390 code [0x000001f3b98b0560, 0x000001f3b98b0898]
Event: 0.990 Thread 0x000001f3cd40c850 1380       3       java.lang.ThreadLocal$ThreadLocalMap::getEntry (42 bytes)
Event: 0.990 Thread 0x000001f3cd40c850 nmethod 1380 0x000001f3b98b0a10 code [0x000001f3b98b0be0, 0x000001f3b98b0fb8]

GC Heap History (0 events):
No events

Deoptimization events (20 events):
Event: 0.916 Thread 0x000001f3cdb89cf0 Uncommon trap: trap_request=0xffffffbe fr.pc=0x000001f3c0bf4bf4 relative=0x00000000000003d4
Event: 0.916 Thread 0x000001f3cdb89cf0 Uncommon trap: reason=profile_predicate action=maybe_recompile pc=0x000001f3c0bf4bf4 method=java.util.regex.Pattern$SliceI.match(Ljava/util/regex/Matcher;ILjava/lang/CharSequence;)Z @ 18 c2
Event: 0.916 Thread 0x000001f3cdb89cf0 DEOPT PACKING pc=0x000001f3c0bf4bf4 sp=0x00000082f9dfcc90
Event: 0.916 Thread 0x000001f3cdb89cf0 DEOPT UNPACKING pc=0x000001f3b9115c23 sp=0x00000082f9dfcc08 mode 2
Event: 0.916 Thread 0x000001f3cdb89cf0 Uncommon trap: trap_request=0xffffffbe fr.pc=0x000001f3c0bf4bf4 relative=0x00000000000003d4
Event: 0.916 Thread 0x000001f3cdb89cf0 Uncommon trap: reason=profile_predicate action=maybe_recompile pc=0x000001f3c0bf4bf4 method=java.util.regex.Pattern$SliceI.match(Ljava/util/regex/Matcher;ILjava/lang/CharSequence;)Z @ 18 c2
Event: 0.916 Thread 0x000001f3cdb89cf0 DEOPT PACKING pc=0x000001f3c0bf4bf4 sp=0x00000082f9dfcc90
Event: 0.916 Thread 0x000001f3cdb89cf0 DEOPT UNPACKING pc=0x000001f3b9115c23 sp=0x00000082f9dfcc08 mode 2
Event: 0.916 Thread 0x000001f3cdb89cf0 Uncommon trap: trap_request=0xffffffbe fr.pc=0x000001f3c0bf4bf4 relative=0x00000000000003d4
Event: 0.916 Thread 0x000001f3cdb89cf0 Uncommon trap: reason=profile_predicate action=maybe_recompile pc=0x000001f3c0bf4bf4 method=java.util.regex.Pattern$SliceI.match(Ljava/util/regex/Matcher;ILjava/lang/CharSequence;)Z @ 18 c2
Event: 0.916 Thread 0x000001f3cdb89cf0 DEOPT PACKING pc=0x000001f3c0bf4bf4 sp=0x00000082f9dfcc90
Event: 0.916 Thread 0x000001f3cdb89cf0 DEOPT UNPACKING pc=0x000001f3b9115c23 sp=0x00000082f9dfcc08 mode 2
Event: 0.917 Thread 0x000001f3cdb89cf0 Uncommon trap: trap_request=0xffffffbe fr.pc=0x000001f3c0bf4bf4 relative=0x00000000000003d4
Event: 0.917 Thread 0x000001f3cdb89cf0 Uncommon trap: reason=profile_predicate action=maybe_recompile pc=0x000001f3c0bf4bf4 method=java.util.regex.Pattern$SliceI.match(Ljava/util/regex/Matcher;ILjava/lang/CharSequence;)Z @ 18 c2
Event: 0.917 Thread 0x000001f3cdb89cf0 DEOPT PACKING pc=0x000001f3c0bf4bf4 sp=0x00000082f9dfcc90
Event: 0.917 Thread 0x000001f3cdb89cf0 DEOPT UNPACKING pc=0x000001f3b9115c23 sp=0x00000082f9dfcc08 mode 2
Event: 0.935 Thread 0x000001f3cdb89cf0 Uncommon trap: trap_request=0xffffff76 fr.pc=0x000001f3c0bfeadc relative=0x00000000000003bc
Event: 0.935 Thread 0x000001f3cdb89cf0 Uncommon trap: reason=predicate action=maybe_recompile pc=0x000001f3c0bfeadc method=java.util.regex.Pattern$SliceI.match(Ljava/util/regex/Matcher;ILjava/lang/CharSequence;)Z @ 18 c2
Event: 0.935 Thread 0x000001f3cdb89cf0 DEOPT PACKING pc=0x000001f3c0bfeadc sp=0x00000082f9dfcb00
Event: 0.935 Thread 0x000001f3cdb89cf0 DEOPT UNPACKING pc=0x000001f3b9115c23 sp=0x00000082f9dfca78 mode 2

Classes unloaded (0 events):
No events

Classes redefined (0 events):
No events

Internal exceptions (15 events):
Event: 0.227 Thread 0x000001f3b5966290 Exception <a 'java/lang/NoSuchMethodError'{0x00000000d8e9d690}: 'java.lang.Object java.lang.invoke.DirectMethodHandle$Holder.invokeStaticInit(java.lang.Object)'> (0x00000000d8e9d690) 
thrown [s\src\hotspot\share\interpreter\linkResolver.cpp, line 778]
Event: 0.273 Thread 0x000001f3b5966290 Exception <a 'java/lang/NoSuchMethodError'{0x00000000d8d3fac8}: 'java.lang.Object java.lang.invoke.DirectMethodHandle$Holder.invokeStaticInit(java.lang.Object, int, int, int, int)'> (0x00000000d8d3fac8) 
thrown [s\src\hotspot\share\interpreter\linkResolver.cpp, line 778]
Event: 0.362 Thread 0x000001f3b5966290 Exception <a 'java/lang/NoSuchMethodError'{0x00000000d8c4e380}: 'java.lang.Object java.lang.invoke.DirectMethodHandle$Holder.invokeStaticInit(java.lang.Object, java.lang.Object, int, int, int, int)'> (0x00000000d8c4e380) 
thrown [s\src\hotspot\share\interpreter\linkResolver.cpp, line 778]
Event: 0.384 Thread 0x000001f3b5966290 Exception <a 'java/lang/NoSuchMethodError'{0x00000000d8c88020}: 'void java.lang.invoke.DirectMethodHandle$Holder.invokeStatic(java.lang.Object, java.lang.Object)'> (0x00000000d8c88020) 
thrown [s\src\hotspot\share\interpreter\linkResolver.cpp, line 778]
Event: 0.438 Thread 0x000001f3b5966290 Exception <a 'java/lang/NoSuchMethodError'{0x00000000d8a71218}: 'java.lang.Object java.lang.invoke.Invokers$Holder.linkToTargetMethod(java.lang.Object, long, java.lang.Object)'> (0x00000000d8a71218) 
thrown [s\src\hotspot\share\interpreter\linkResolver.cpp, line 778]
Event: 0.490 Thread 0x000001f3cdb89cf0 Exception <a 'java/lang/NoSuchMethodError'{0x00000000d880ee80}: static [B.<clinit>()V> (0x00000000d880ee80) 
thrown [s\src\hotspot\share\prims\jni.cpp, line 1108]
Event: 0.574 Thread 0x000001f3cdb89cf0 Exception <a 'java/lang/NoSuchMethodError'{0x00000000d8664e58}: 'java.lang.Object java.lang.invoke.DirectMethodHandle$Holder.invokeInterface(java.lang.Object, java.lang.Object)'> (0x00000000d8664e58) 
thrown [s\src\hotspot\share\interpreter\linkResolver.cpp, line 778]
Event: 0.606 Thread 0x000001f3cdb89cf0 Exception <a 'java/lang/NoSuchMethodError'{0x00000000d86e2330}: 'void java.lang.invoke.DirectMethodHandle$Holder.invokeSpecial(java.lang.Object, java.lang.Object, java.lang.Object)'> (0x00000000d86e2330) 
thrown [s\src\hotspot\share\interpreter\linkResolver.cpp, line 778]
Event: 0.607 Thread 0x000001f3cdb89cf0 Exception <a 'java/lang/NoSuchMethodError'{0x00000000d86e8d48}: 'void java.lang.invoke.DirectMethodHandle$Holder.invokeStatic(java.lang.Object, java.lang.Object, java.lang.Object)'> (0x00000000d86e8d48) 
thrown [s\src\hotspot\share\interpreter\linkResolver.cpp, line 778]
Event: 0.610 Thread 0x000001f3cdb89cf0 Exception <a 'java/lang/NoSuchMethodError'{0x00000000d86f3120}: 'java.lang.Object java.lang.invoke.DirectMethodHandle$Holder.invokeVirtual(java.lang.Object, java.lang.Object, java.lang.Object)'> (0x00000000d86f3120) 
thrown [s\src\hotspot\share\interpreter\linkResolver.cpp, line 778]
Event: 0.765 Thread 0x000001f3cdb89cf0 Exception <a 'java/lang/NoSuchMethodError'{0x00000000d811a5a0}: 'void java.lang.invoke.DirectMethodHandle$Holder.invokeStaticInit(java.lang.Object, java.lang.Object)'> (0x00000000d811a5a0) 
thrown [s\src\hotspot\share\interpreter\linkResolver.cpp, line 778]
Event: 0.821 Thread 0x000001f3cdb89cf0 Exception <a 'sun/nio/fs/WindowsException'{0x00000000d80c7cb0}> (0x00000000d80c7cb0) 
thrown [s\src\hotspot\share\prims\jni.cpp, line 517]
Event: 0.831 Thread 0x000001f3cdb89cf0 Exception <a 'java/lang/NoSuchMethodError'{0x00000000d80ebf40}: 'int java.lang.invoke.DirectMethodHandle$Holder.invokeStaticInit(java.lang.Object, java.lang.Object, java.lang.Object, java.lang.Object)'> (0x00000000d80ebf40) 
thrown [s\src\hotspot\share\interpreter\linkResolver.cpp, line 778]
Event: 0.833 Thread 0x000001f3cdb89cf0 Exception <a 'java/lang/IncompatibleClassChangeError'{0x00000000d80f56b0}: Found class java.lang.Object, but interface was expected> (0x00000000d80f56b0) 
thrown [s\src\hotspot\share\interpreter\linkResolver.cpp, line 845]
Event: 0.834 Thread 0x000001f3cdb89cf0 Exception <a 'java/lang/NoSuchMethodError'{0x00000000d80fb130}: 'int java.lang.invoke.DirectMethodHandle$Holder.invokeStaticInit(java.lang.Object, java.lang.Object)'> (0x00000000d80fb130) 
thrown [s\src\hotspot\share\interpreter\linkResolver.cpp, line 778]

VM Operations (10 events):
Event: 0.161 Executing VM operation: HandshakeAllThreads
Event: 0.161 Executing VM operation: HandshakeAllThreads done
Event: 0.194 Executing VM operation: HandshakeAllThreads
Event: 0.194 Executing VM operation: HandshakeAllThreads done
Event: 0.822 Executing VM operation: HandshakeAllThreads
Event: 0.822 Executing VM operation: HandshakeAllThreads done
Event: 0.828 Executing VM operation: HandshakeAllThreads
Event: 0.828 Executing VM operation: HandshakeAllThreads done
Event: 0.913 Executing VM operation: ICBufferFull
Event: 0.914 Executing VM operation: ICBufferFull done

Events (20 events):
Event: 0.988 loading class sun/security/ssl/SSLCipher$T13GcmReadCipherGenerator$GcmReadCipher
Event: 0.988 loading class sun/security/ssl/SSLCipher$T13GcmReadCipherGenerator$GcmReadCipher done
Event: 0.988 loading class sun/security/ssl/SSLCipher$T13GcmWriteCipherGenerator$GcmWriteCipher
Event: 0.989 loading class sun/security/ssl/SSLCipher$T13GcmWriteCipherGenerator$GcmWriteCipher done
Event: 0.989 loading class sun/security/ssl/ChangeCipherSpec
Event: 0.989 loading class sun/security/ssl/ChangeCipherSpec done
Event: 0.989 loading class sun/security/ssl/ChangeCipherSpec$T10ChangeCipherSpecConsumer
Event: 0.989 loading class sun/security/ssl/ChangeCipherSpec$T10ChangeCipherSpecConsumer done
Event: 0.989 loading class sun/security/ssl/ChangeCipherSpec$T10ChangeCipherSpecProducer
Event: 0.989 loading class sun/security/ssl/ChangeCipherSpec$T10ChangeCipherSpecProducer done
Event: 0.989 loading class sun/security/ssl/ChangeCipherSpec$T13ChangeCipherSpecConsumer
Event: 0.989 loading class sun/security/ssl/ChangeCipherSpec$T13ChangeCipherSpecConsumer done
Event: 0.989 loading class javax/crypto/spec/GCMParameterSpec
Event: 0.989 loading class javax/crypto/spec/GCMParameterSpec done
Event: 0.990 loading class javax/crypto/NullCipher
Event: 0.990 loading class javax/crypto/NullCipher done
Event: 0.990 loading class com/sun/crypto/provider/GaloisCounterMode$GCMDecrypt
Event: 0.990 loading class com/sun/crypto/provider/GaloisCounterMode$GCMEngine
Event: 0.990 loading class com/sun/crypto/provider/GaloisCounterMode$GCMEngine done
Event: 0.990 loading class com/sun/crypto/provider/GaloisCounterMode$GCMDecrypt done


Dynamic libraries:
0x00007ff7535d0000 - 0x00007ff7535da000 	C:\Program Files\JetBrains\IntelliJ IDEA 2022.2\jbr\bin\java.exe
0x00007ffeed6b0000 - 0x00007ffeed8a8000 	C:\WINDOWS\SYSTEM32\ntdll.dll
0x00007ffeec2d0000 - 0x00007ffeec38f000 	C:\WINDOWS\System32\KERNEL32.DLL
0x00007ffeeb410000 - 0x00007ffeeb706000 	C:\WINDOWS\System32\KERNELBASE.dll
0x00007ffeeb280000 - 0x00007ffeeb380000 	C:\WINDOWS\System32\ucrtbase.dll
0x00007ffeb2c70000 - 0x00007ffeb2c87000 	C:\Program Files\JetBrains\IntelliJ IDEA 2022.2\jbr\bin\jli.dll
0x00007ffeb2ac0000 - 0x00007ffeb2adb000 	C:\Program Files\JetBrains\IntelliJ IDEA 2022.2\jbr\bin\VCRUNTIME140.dll
0x00007ffeeb710000 - 0x00007ffeeb8ad000 	C:\WINDOWS\System32\USER32.dll
0x00007ffeeb1a0000 - 0x00007ffeeb1c2000 	C:\WINDOWS\System32\win32u.dll
0x00007ffeed340000 - 0x00007ffeed36c000 	C:\WINDOWS\System32\GDI32.dll
0x00007ffeead90000 - 0x00007ffeeaea5000 	C:\WINDOWS\System32\gdi32full.dll
0x00007ffeeb0b0000 - 0x00007ffeeb14d000 	C:\WINDOWS\System32\msvcp_win.dll
0x00007ffec9da0000 - 0x00007ffeca03a000 	C:\WINDOWS\WinSxS\amd64_microsoft.windows.common-controls_6595b64144ccf1df_6.0.19041.1110_none_60b5254171f9507e\COMCTL32.dll
0x00007ffeeba00000 - 0x00007ffeeba9e000 	C:\WINDOWS\System32\msvcrt.dll
0x00007ffeed370000 - 0x00007ffeed3a0000 	C:\WINDOWS\System32\IMM32.DLL
0x00007ffebb830000 - 0x00007ffebb83c000 	C:\Program Files\JetBrains\IntelliJ IDEA 2022.2\jbr\bin\vcruntime140_1.dll
0x00007ffea5f20000 - 0x00007ffea5fad000 	C:\Program Files\JetBrains\IntelliJ IDEA 2022.2\jbr\bin\msvcp140.dll
0x00007ffe99a00000 - 0x00007ffe9a668000 	C:\Program Files\JetBrains\IntelliJ IDEA 2022.2\jbr\bin\server\jvm.dll
0x00007ffeebff0000 - 0x00007ffeec09f000 	C:\WINDOWS\System32\ADVAPI32.dll
0x00007ffeeb8e0000 - 0x00007ffeeb97c000 	C:\WINDOWS\System32\sechost.dll
0x00007ffeec390000 - 0x00007ffeec4b6000 	C:\WINDOWS\System32\RPCRT4.dll
0x00007ffeec100000 - 0x00007ffeec108000 	C:\WINDOWS\System32\PSAPI.DLL
0x00007ffed6280000 - 0x00007ffed6289000 	C:\WINDOWS\SYSTEM32\WSOCK32.dll
0x00007ffeed3a0000 - 0x00007ffeed40b000 	C:\WINDOWS\System32\WS2_32.dll
0x00007ffecf8b0000 - 0x00007ffecf8d7000 	C:\WINDOWS\SYSTEM32\WINMM.dll
0x00007ffedb980000 - 0x00007ffedb98a000 	C:\WINDOWS\SYSTEM32\VERSION.dll
0x00007ffee95d0000 - 0x00007ffee95e2000 	C:\WINDOWS\SYSTEM32\kernel.appcore.dll
0x00007ffee21a0000 - 0x00007ffee21aa000 	C:\Program Files\JetBrains\IntelliJ IDEA 2022.2\jbr\bin\jimage.dll
0x00007ffee9160000 - 0x00007ffee9344000 	C:\WINDOWS\SYSTEM32\DBGHELP.DLL
0x00007ffee9120000 - 0x00007ffee9154000 	C:\WINDOWS\SYSTEM32\dbgcore.DLL
0x00007ffeeb380000 - 0x00007ffeeb402000 	C:\WINDOWS\System32\bcryptPrimitives.dll
0x00007ffed7390000 - 0x00007ffed73b5000 	C:\Program Files\JetBrains\IntelliJ IDEA 2022.2\jbr\bin\java.dll
0x00007ffee1cf0000 - 0x00007ffee1d08000 	C:\Program Files\JetBrains\IntelliJ IDEA 2022.2\jbr\bin\zip.dll
0x00007ffeec4c0000 - 0x00007ffeecc04000 	C:\WINDOWS\System32\SHELL32.dll
0x00007ffee8730000 - 0x00007ffee8ec4000 	C:\WINDOWS\SYSTEM32\windows.storage.dll
0x00007ffeebaa0000 - 0x00007ffeebdf4000 	C:\WINDOWS\System32\combase.dll
0x00007ffeea760000 - 0x00007ffeea78e000 	C:\WINDOWS\SYSTEM32\Wldp.dll
0x00007ffeebee0000 - 0x00007ffeebf8d000 	C:\WINDOWS\System32\SHCORE.dll
0x00007ffeebf90000 - 0x00007ffeebfe5000 	C:\WINDOWS\System32\shlwapi.dll
0x00007ffeeacc0000 - 0x00007ffeeace5000 	C:\WINDOWS\SYSTEM32\profapi.dll
0x00007ffed81b0000 - 0x00007ffed81c9000 	C:\Program Files\JetBrains\IntelliJ IDEA 2022.2\jbr\bin\net.dll
0x00007ffee8ee0000 - 0x00007ffee8fea000 	C:\WINDOWS\SYSTEM32\WINHTTP.dll
0x00007ffeea4c0000 - 0x00007ffeea52a000 	C:\WINDOWS\system32\mswsock.dll
0x00007ffed7370000 - 0x00007ffed7386000 	C:\Program Files\JetBrains\IntelliJ IDEA 2022.2\jbr\bin\nio.dll
0x00007ffeea1b0000 - 0x00007ffeea1ec000 	C:\WINDOWS\SYSTEM32\IPHLPAPI.DLL
0x00007ffeec2c0000 - 0x00007ffeec2c8000 	C:\WINDOWS\System32\NSI.dll
0x00007ffee1c60000 - 0x00007ffee1c77000 	C:\WINDOWS\SYSTEM32\dhcpcsvc6.DLL
0x00007ffee1930000 - 0x00007ffee194d000 	C:\WINDOWS\SYSTEM32\dhcpcsvc.DLL
0x00007ffeea1f0000 - 0x00007ffeea2ba000 	C:\WINDOWS\SYSTEM32\DNSAPI.dll
0x00007ffeea6b0000 - 0x00007ffeea6c8000 	C:\WINDOWS\SYSTEM32\CRYPTSP.dll
0x00007ffee9d80000 - 0x00007ffee9db4000 	C:\WINDOWS\system32\rsaenh.dll
0x00007ffeeb080000 - 0x00007ffeeb0a7000 	C:\WINDOWS\System32\bcrypt.dll
0x00007ffeeac80000 - 0x00007ffeeacae000 	C:\WINDOWS\SYSTEM32\USERENV.dll
0x00007ffeea6d0000 - 0x00007ffeea6dc000 	C:\WINDOWS\SYSTEM32\CRYPTBASE.dll
0x00007ffee1810000 - 0x00007ffee1817000 	C:\Program Files\JetBrains\IntelliJ IDEA 2022.2\jbr\bin\rmi.dll
0x00007ffee7c30000 - 0x00007ffee7c40000 	C:\Program Files\JetBrains\IntelliJ IDEA 2022.2\jbr\bin\verify.dll
0x00007ffedc8e0000 - 0x00007ffedc8ea000 	C:\Windows\System32\rasadhlp.dll
0x00007ffedba20000 - 0x00007ffedbaa2000 	C:\WINDOWS\System32\fwpuclnt.dll
0x00007ffee7ba0000 - 0x00007ffee7bad000 	C:\Program Files\JetBrains\IntelliJ IDEA 2022.2\jbr\bin\sunmscapi.dll
0x00007ffeeaf20000 - 0x00007ffeeb07e000 	C:\WINDOWS\System32\CRYPT32.dll
0x00007ffeea7d0000 - 0x00007ffeea7f8000 	C:\WINDOWS\SYSTEM32\ncrypt.dll
0x00007ffeea790000 - 0x00007ffeea7cb000 	C:\WINDOWS\SYSTEM32\NTASN1.dll

dbghelp: loaded successfully - version: 4.0.5 - missing functions: none
symbol engine: initialized successfully - sym options: 0x614 - pdb path: .;C:\Program Files\JetBrains\IntelliJ IDEA 2022.2\jbr\bin;C:\WINDOWS\SYSTEM32;C:\WINDOWS\WinSxS\amd64_microsoft.windows.common-controls_6595b64144ccf1df_6.0.19041.1110_none_60b5254171f9507e;C:\Program Files\JetBrains\IntelliJ IDEA 2022.2\jbr\bin\server

VM Arguments:
jvm_args: -Djava.rmi.server.hostname=127.0.0.1 -Duser.timezone=UTC -Xmx750m -Xms128m -XX:+IgnoreUnrecognizedVMOptions --add-opens=jdk.unsupported/sun.misc=ALL-UNNAMED --add-opens=java.base/java.nio=ALL-UNNAMED -Dfile.encoding=UTF-8 
java_command: com.intellij.database.remote.RemoteJdbcServer com.mysql.cj.jdbc.Driver
java_class_path (initial): C:\Program Files\JetBrains\IntelliJ IDEA 2022.2\lib\util_rt.jar;C:\Program Files\JetBrains\IntelliJ IDEA 2022.2\lib\util.jar;C:\Program Files\JetBrains\IntelliJ IDEA 2022.2\lib\groovy.jar;C:\Program Files\JetBrains\IntelliJ IDEA 2022.2\plugins\DatabaseTools\lib\jdbc-console.jar;C:\Users\배은경\AppData\Roaming\JetBrains\IntelliJIdea2022.2\jdbc-drivers\MySQL ConnectorJ\8.0.25\mysql-connector-java-8.0.25.jar
Launcher Type: SUN_STANDARD

[Global flags]
     intx CICompilerCount                          = 4                                         {product} {ergonomic}
     uint ConcGCThreads                            = 2                                         {product} {ergonomic}
     uint G1ConcRefinementThreads                  = 8                                         {product} {ergonomic}
   size_t G1HeapRegionSize                         = 1048576                                   {product} {ergonomic}
    uintx GCDrainStackTargetSize                   = 64                                        {product} {ergonomic}
     bool IgnoreUnrecognizedVMOptions              = true                                      {product} {command line}
   size_t InitialHeapSize                          = 134217728                                 {product} {command line}
   size_t MarkStackSize                            = 4194304                                   {product} {ergonomic}
   size_t MaxHeapSize                              = 786432000                                 {product} {command line}
   size_t MaxNewSize                               = 471859200                                 {product} {ergonomic}
   size_t MinHeapDeltaBytes                        = 1048576                                   {product} {ergonomic}
   size_t MinHeapSize                              = 134217728                                 {product} {command line}
    uintx NonNMethodCodeHeapSize                   = 5839372                                {pd product} {ergonomic}
    uintx NonProfiledCodeHeapSize                  = 122909434                              {pd product} {ergonomic}
    uintx ProfiledCodeHeapSize                     = 122909434                              {pd product} {ergonomic}
    uintx ReservedCodeCacheSize                    = 251658240                              {pd product} {ergonomic}
     bool SegmentedCodeCache                       = true                                      {product} {ergonomic}
   size_t SoftMaxHeapSize                          = 786432000                              {manageable} {ergonomic}
     bool UseCompressedClassPointers               = true                           {product lp64_product} {ergonomic}
     bool UseCompressedOops                        = true                           {product lp64_product} {ergonomic}
     bool UseG1GC                                  = true                                      {product} {ergonomic}
     bool UseLargePagesIndividualAllocation        = false                                  {pd product} {ergonomic}

Logging:
Log output configuration:
 #0: stdout all=warning uptime,level,tags
 #1: stderr all=off uptime,level,tags

Environment Variables:
JAVA_HOME=C:\Program Files\Java\jdk-11.0.16
PATH=C:\Program Files (x86)\Windows Resource Kits\Tools\;E:\WINDOWS.X64_193000_db_home\bin;C:\WINDOWS\system32;C:\WINDOWS;C:\WINDOWS\System32\Wbem;C:\WINDOWS\System32\WindowsPowerShell\v1.0\;C:\WINDOWS\System32\OpenSSH\;C:\Program Files\Java\jdk-11.0.16\bin;C:\Program Files\Apache Software Foundation\Tomcat 9.0\bin;C:\Program Files\Git\cmd;C:\Program Files\PuTTY\;C:\Users\배은경\AppData\Local\Programs\Python\Python311;C:\Program Files\Amazon\AWSCLIV2\;C:\Users\배은경\AppData\Local\Programs\Python\Python311\Scripts\;C:\Users\배은경\AppData\Local\Programs\Python\Python312\Scripts\;C:\Users\배은경\AppData\Local\Programs\Python\Python312\;C:\Users\배은경\AppData\Local\GitHubDesktop\bin;C:\Program Files\Java\jdk-14\bin;C:\Users\배은경\AppData\Local\Microsoft\WindowsApps;C:\Program Files\Apache Software Foundation\Tomcat 9.0\bin;C:\Program Files\JetBrains\IntelliJ IDEA 2022.2\bin;;C:\Users\배은경\AppData\Local\Google\Cloud SDK\google-cloud-sdk\bin;C:\Users\배은경\AppData\Local\Programs\Python\Python311;;E:\Microsoft VS Code\bin;C:\Program Files (x86)\ESTsoft\ALSee\x64
USERNAME=배은경
OS=Windows_NT
PROCESSOR_IDENTIFIER=Intel64 Family 6 Model 126 Stepping 5, GenuineIntel



---------------  S Y S T E M  ---------------

OS:
 Windows 10 , 64 bit Build 19041 (10.0.19041.3155)
OS uptime: 6 days 11:37 hours

CPU: total 8 (initial active 8) (4 cores per cpu, 2 threads per core) family 6 model 126 stepping 5 microcode 0x78, cx8, cmov, fxsr, ht, mmx, 3dnowpref, sse, sse2, sse3, ssse3, sse4.1, sse4.2, popcnt, lzcnt, tsc, tscinvbit, avx, avx2, aes, erms, clmul, bmi1, bmi2, adx, avx512f, avx512dq, avx512cd, avx512bw, avx512vl, sha, fma, vzeroupper, avx512_vpopcntdq, avx512_vpclmulqdq, avx512_vaes, avx512_vnni, clflush, clflushopt, avx512_vbmi2, avx512_vbmi

Memory: 4k page, system-wide physical 7926M (425M free)
TotalPageFile size 14910M (AvailPageFile size 4M)
current process WorkingSet (physical memory assigned to process): 95M, peak: 95M
current process commit charge ("private bytes"): 234M, peak: 234M

vm_info: OpenJDK 64-Bit Server VM (17.0.3+7-b469.32) for windows-amd64 JRE (17.0.3+7-b469.32), built on 2022-07-19 by "builduser" with MS VC++ 16.10 / 16.11 (VS2019)

END.
